<?xml version="1.0" encoding="UTF-8"?>
<testsuites>
  <testsuite name="" tests="10" assertions="10" errors="0" failures="0" skipped="0" time="4.760629">
    <testsuite name="Unit" tests="1" assertions="1" errors="0" failures="0" skipped="0" time="0.557411">
      <testsuite name="Tests\Unit\ExampleTest" file="C:\Higo\Desenvolvimento\Web\PHP\Laravel\movie\tests\Unit\ExampleTest.php" tests="1" assertions="1" errors="0" failures="0" skipped="0" time="0.557411">
        <testcase name="testBasicTest" class="Tests\Unit\ExampleTest" classname="Tests.Unit.ExampleTest" file="C:\Higo\Desenvolvimento\Web\PHP\Laravel\movie\tests\Unit\ExampleTest.php" line="15" assertions="1" time="0.557411"/>
      </testsuite>
    </testsuite>
    <testsuite name="Feature" tests="9" assertions="9" errors="0" failures="0" skipped="0" time="4.203218">
      <testsuite name="Tests\Feature\CategoryTest" file="C:\Higo\Desenvolvimento\Web\PHP\Laravel\movie\tests\Feature\CategoryTest.php" tests="1" assertions="1" errors="0" failures="0" skipped="0" time="0.429747">
        <testcase name="testExample" class="Tests\Feature\CategoryTest" classname="Tests.Feature.CategoryTest" file="C:\Higo\Desenvolvimento\Web\PHP\Laravel\movie\tests\Feature\CategoryTest.php" line="19" assertions="1" time="0.429747"/>
      </testsuite>
      <testsuite name="Tests\Feature\Controller\CategoryControllerTest" file="C:\Higo\Desenvolvimento\Web\PHP\Laravel\movie\tests\Feature\Controller\CategoryControllerTest.php" tests="1" assertions="1" errors="0" failures="0" skipped="0" time="0.390182">
        <testcase name="testExample" class="Tests\Feature\Controller\CategoryControllerTest" classname="Tests.Feature.Controller.CategoryControllerTest" file="C:\Higo\Desenvolvimento\Web\PHP\Laravel\movie\tests\Feature\Controller\CategoryControllerTest.php" line="19" assertions="1" time="0.390182"/>
      </testsuite>
      <testsuite name="Tests\Feature\MovieControllerTest" file="C:\Higo\Desenvolvimento\Web\PHP\Laravel\movie\tests\Feature\Controller\MovieControllerTest.php" tests="1" assertions="1" errors="0" failures="0" skipped="0" time="0.379823">
        <testcase name="testExample" class="Tests\Feature\MovieControllerTest" classname="Tests.Feature.MovieControllerTest" file="C:\Higo\Desenvolvimento\Web\PHP\Laravel\movie\tests\Feature\Controller\MovieControllerTest.php" line="16" assertions="1" time="0.379823"/>
      </testsuite>
      <testsuite name="Tests\Feature\ExampleTest" file="C:\Higo\Desenvolvimento\Web\PHP\Laravel\movie\tests\Feature\ExampleTest.php" tests="1" assertions="1" errors="0" failures="0" skipped="0" time="0.633989">
        <testcase name="testBasicTest" class="Tests\Feature\ExampleTest" classname="Tests.Feature.ExampleTest" file="C:\Higo\Desenvolvimento\Web\PHP\Laravel\movie\tests\Feature\ExampleTest.php" line="15" assertions="1" time="0.633989"/>
      </testsuite>
      <testsuite name="Tests\Feature\Services\CategoryServiceTest" file="C:\Higo\Desenvolvimento\Web\PHP\Laravel\movie\tests\Feature\Services\CategoryServiceTest.php" tests="4" assertions="4" errors="0" failures="0" skipped="0" time="2.060766">
        <testcase name="testExample" class="Tests\Feature\Services\CategoryServiceTest" classname="Tests.Feature.Services.CategoryServiceTest" file="C:\Higo\Desenvolvimento\Web\PHP\Laravel\movie\tests\Feature\Services\CategoryServiceTest.php" line="36" assertions="1" time="0.549799"/>
        <testcase name="testModel" class="Tests\Feature\Services\CategoryServiceTest" classname="Tests.Feature.Services.CategoryServiceTest" file="C:\Higo\Desenvolvimento\Web\PHP\Laravel\movie\tests\Feature\Services\CategoryServiceTest.php" line="43" assertions="1" time="0.534939"/>
        <testcase name="testRetrieveByIdWithIdNotFound" class="Tests\Feature\Services\CategoryServiceTest" classname="Tests.Feature.Services.CategoryServiceTest" file="C:\Higo\Desenvolvimento\Web\PHP\Laravel\movie\tests\Feature\Services\CategoryServiceTest.php" line="50" assertions="1" time="0.476202"/>
        <testcase name="testRegister" class="Tests\Feature\Services\CategoryServiceTest" classname="Tests.Feature.Services.CategoryServiceTest" file="C:\Higo\Desenvolvimento\Web\PHP\Laravel\movie\tests\Feature\Services\CategoryServiceTest.php" line="63" assertions="1" time="0.499826"/>
      </testsuite>
      <testsuite name="Tests\Feature\Services\MovieServiceTest" file="C:\Higo\Desenvolvimento\Web\PHP\Laravel\movie\tests\Feature\Services\MovieServiceTest.php" tests="1" assertions="1" errors="0" failures="0" skipped="0" time="0.308711">
        <testcase name="testExample" class="Tests\Feature\Services\MovieServiceTest" classname="Tests.Feature.Services.MovieServiceTest" file="C:\Higo\Desenvolvimento\Web\PHP\Laravel\movie\tests\Feature\Services\MovieServiceTest.php" line="16" assertions="1" time="0.308711"/>
      </testsuite>
    </testsuite>
  </testsuite>
</testsuites>
